<html>
<head>
<title>TestNG:  C:/Users/kalam/IdeaProjects/BookswagonAutomationProgram/src/test/java/com/bridgelabz/bookswagon/BooksWagonTest.java</title>
<link href="../testng.css" rel="stylesheet" type="text/css" />
<link href="../my-testng.css" rel="stylesheet" type="text/css" />

<style type="text/css">
.log { display: none;} 
.stack-trace { display: none;} 
</style>
<script type="text/javascript">
<!--
function flip(e) {
  current = e.style.display;
  if (current == 'block') {
    e.style.display = 'none';
    return 0;
  }
  else {
    e.style.display = 'block';
    return 1;
  }
}

function toggleBox(szDivId, elem, msg1, msg2)
{
  var res = -1;  if (document.getElementById) {
    res = flip(document.getElementById(szDivId));
  }
  else if (document.all) {
    // this is the way old msie versions work
    res = flip(document.all[szDivId]);
  }
  if(elem) {
    if(res == 0) elem.innerHTML = msg1; else elem.innerHTML = msg2;
  }

}

function toggleAllBoxes() {
  if (document.getElementsByTagName) {
    d = document.getElementsByTagName('div');
    for (i = 0; i < d.length; i++) {
      if (d[i].className == 'log') {
        flip(d[i]);
      }
    }
  }
}

// -->
</script>

</head>
<body>
<h2 align='center'>C:/Users/kalam/IdeaProjects/BookswagonAutomationProgram/src/test/java/com/bridgelabz/bookswagon/BooksWagonTest.java</h2><table border='1' align="center">
<tr>
<td>Tests passed/Failed/Skipped:</td><td>2/0/0</td>
</tr><tr>
<td>Started on:</td><td>Wed Jun 30 15:26:48 IST 2021</td>
</tr>
<tr><td>Total time:</td><td>73 seconds (73898 ms)</td>
</tr><tr>
<td>Included groups:</td><td></td>
</tr><tr>
<td>Excluded groups:</td><td></td>
</tr>
</table><p/>
<small><i>(Hover the method name to see the test class name)</i></small><p/>
<table width='100%' border='1' class='invocation-failed'>
<tr><td colspan='4' align='center'><b>FAILED CONFIGURATIONS</b></td></tr>
<tr><td><b>Test method</b></td>
<td width="30%"><b>Exception</b></td>
<td width="10%"><b>Time (seconds)</b></td>
<td><b>Instance</b></td>
</tr>
<tr>
<td title='com.bridgelabz.bookswagon.BooksWagonTest.tearDown()'><b>tearDown</b><br>Test class: com.bridgelabz.bookswagon.BooksWagonTest</td>
<td><div><pre>java.lang.RuntimeException: javax.mail.AuthenticationFailedException: 534-5.7.14 &lt;https://accounts.google.com/signin/continue?sarp=1&amp;scc=1&amp;plt=AKgnsbs
534-5.7.14 CuorDClIkaYtGgLEwVyHeCPBBFFvEgz29LGrhnIEo6zss5-dcT_7HWom7lESeE8uKiFCf
534-5.7.14 G78tDBNpo64pjjPPEZ9Ai4D9ajGozlb9WOxZCXHUpESF1uG8MPuu7WYgXYoKyA9S&gt;
534-5.7.14 Please log in via your web browser and then try again.
534-5.7.14  Learn more at
534 5.7.14  https://support.google.com/mail/answer/78754 hk16sm20793490pjb.1 - gsmtp

	at com.bridgelabz.bookswagon.utility.Email.sendEmail(Email.java:96)
	at com.bridgelabz.bookswagon.base.Base.tearDown(Base.java:62)
	at sun.reflect.NativeMethodAccessorImpl.invoke0(Native Method)
	at sun.reflect.NativeMethodAccessorImpl.invoke(NativeMethodAccessorImpl.java:62)
	at sun.reflect.DelegatingMethodAccessorImpl.invoke(DelegatingMethodAccessorImpl.java:43)
	at java.lang.reflect.Method.invoke(Method.java:498)
	at org.testng.internal.MethodInvocationHelper.invokeMethod(MethodInvocationHelper.java:134)
	at org.testng.internal.MethodInvocationHelper.invokeMethodConsideringTimeout(MethodInvocationHelper.java:63)
	at org.testng.internal.ConfigInvoker.invokeConfigurationMethod(ConfigInvoker.java:348)
	at org.testng.internal.ConfigInvoker.invokeConfigurations(ConfigInvoker.java:302)
	at org.testng.TestRunner.invokeTestConfigurations(TestRunner.java:619)
	at org.testng.TestRunner.afterRun(TestRunner.java:849)
	at org.testng.TestRunner.run(TestRunner.java:590)
	at org.testng.SuiteRunner.runTest(SuiteRunner.java:384)
	at org.testng.SuiteRunner.runSequentially(SuiteRunner.java:378)
	at org.testng.SuiteRunner.privateRun(SuiteRunner.java:337)
	at org.testng.SuiteRunner.run(SuiteRunner.java:286)
	at org.testng.SuiteRunnerWorker.runSuite(SuiteRunnerWorker.java:53)
	at org.testng.SuiteRunnerWorker.run(SuiteRunnerWorker.java:96)
	at org.testng.TestNG.runSuitesSequentially(TestNG.java:1187)
	at org.testng.TestNG.runSuitesLocally(TestNG.java:1109)
	at org.testng.TestNG.runSuites(TestNG.java:1039)
	at org.testng.TestNG.run(TestNG.java:1007)
	at com.intellij.rt.testng.IDEARemoteTestNG.run(IDEARemoteTestNG.java:66)
	at com.intellij.rt.testng.RemoteTestNGStarter.main(RemoteTestNGStarter.java:109)
Caused by: javax.mail.AuthenticationFailedException: 534-5.7.14 &lt;https://accounts.google.com/signin/continue?sarp=1&amp;scc=1&amp;plt=AKgnsbs
534-5.7.14 CuorDClIkaYtGgLEwVyHeCPBBFFvEgz29LGrhnIEo6zss5-dcT_7HWom7lESeE8uKiFCf
534-5.7.14 G78tDBNpo64pjjPPEZ9Ai4D9ajGozlb9WOxZCXHUpESF1uG8MPuu7WYgXYoKyA9S&gt;
534-5.7.14 Please log in via your web browser and then try again.
534-5.7.14  Learn more at
534 5.7.14  https://support.google.com/mail/answer/78754 hk16sm20793490pjb.1 - gsmtp

	at com.sun.mail.smtp.SMTPTransport$Authenticator.authenticate(SMTPTransport.java:965)
	at com.sun.mail.smtp.SMTPTransport.authenticate(SMTPTransport.java:876)
	at com.sun.mail.smtp.SMTPTransport.protocolConnect(SMTPTransport.java:780)
	at javax.mail.Service.connect(Service.java:388)
	at javax.mail.Service.connect(Service.java:246)
	at javax.mail.Service.connect(Service.java:195)
	at javax.mail.Transport.send0(Transport.java:254)
	at javax.mail.Transport.send(Transport.java:124)
	at com.bridgelabz.bookswagon.utility.Email.sendEmail(Email.java:91)
	... 24 more
</pre></div><a href='#' onClick='toggleBox("stack-trace1755938753", this, "Click to show all stack frames", "Click to hide stack frames")'>Click to show all stack frames</a>
<div class='stack-trace' id='stack-trace1755938753'><pre>java.lang.RuntimeException: javax.mail.AuthenticationFailedException: 534-5.7.14 &lt;https://accounts.google.com/signin/continue?sarp=1&amp;scc=1&amp;plt=AKgnsbs
534-5.7.14 CuorDClIkaYtGgLEwVyHeCPBBFFvEgz29LGrhnIEo6zss5-dcT_7HWom7lESeE8uKiFCf
534-5.7.14 G78tDBNpo64pjjPPEZ9Ai4D9ajGozlb9WOxZCXHUpESF1uG8MPuu7WYgXYoKyA9S&gt;
534-5.7.14 Please log in via your web browser and then try again.
534-5.7.14  Learn more at
534 5.7.14  https://support.google.com/mail/answer/78754 hk16sm20793490pjb.1 - gsmtp

	at com.bridgelabz.bookswagon.utility.Email.sendEmail(Email.java:96)
	at com.bridgelabz.bookswagon.base.Base.tearDown(Base.java:62)
	at sun.reflect.NativeMethodAccessorImpl.invoke0(Native Method)
	at sun.reflect.NativeMethodAccessorImpl.invoke(NativeMethodAccessorImpl.java:62)
	at sun.reflect.DelegatingMethodAccessorImpl.invoke(DelegatingMethodAccessorImpl.java:43)
	at java.lang.reflect.Method.invoke(Method.java:498)
	at org.testng.internal.MethodInvocationHelper.invokeMethod(MethodInvocationHelper.java:134)
	at org.testng.internal.MethodInvocationHelper.invokeMethodConsideringTimeout(MethodInvocationHelper.java:63)
	at org.testng.internal.ConfigInvoker.invokeConfigurationMethod(ConfigInvoker.java:348)
	at org.testng.internal.ConfigInvoker.invokeConfigurations(ConfigInvoker.java:302)
	at org.testng.TestRunner.invokeTestConfigurations(TestRunner.java:619)
	at org.testng.TestRunner.afterRun(TestRunner.java:849)
	at org.testng.TestRunner.run(TestRunner.java:590)
	at org.testng.SuiteRunner.runTest(SuiteRunner.java:384)
	at org.testng.SuiteRunner.runSequentially(SuiteRunner.java:378)
	at org.testng.SuiteRunner.privateRun(SuiteRunner.java:337)
	at org.testng.SuiteRunner.run(SuiteRunner.java:286)
	at org.testng.SuiteRunnerWorker.runSuite(SuiteRunnerWorker.java:53)
	at org.testng.SuiteRunnerWorker.run(SuiteRunnerWorker.java:96)
	at org.testng.TestNG.runSuitesSequentially(TestNG.java:1187)
	at org.testng.TestNG.runSuitesLocally(TestNG.java:1109)
	at org.testng.TestNG.runSuites(TestNG.java:1039)
	at org.testng.TestNG.run(TestNG.java:1007)
	at com.intellij.rt.testng.IDEARemoteTestNG.run(IDEARemoteTestNG.java:66)
	at com.intellij.rt.testng.RemoteTestNGStarter.main(RemoteTestNGStarter.java:109)
Caused by: javax.mail.AuthenticationFailedException: 534-5.7.14 &lt;https://accounts.google.com/signin/continue?sarp=1&amp;scc=1&amp;plt=AKgnsbs
534-5.7.14 CuorDClIkaYtGgLEwVyHeCPBBFFvEgz29LGrhnIEo6zss5-dcT_7HWom7lESeE8uKiFCf
534-5.7.14 G78tDBNpo64pjjPPEZ9Ai4D9ajGozlb9WOxZCXHUpESF1uG8MPuu7WYgXYoKyA9S&gt;
534-5.7.14 Please log in via your web browser and then try again.
534-5.7.14  Learn more at
534 5.7.14  https://support.google.com/mail/answer/78754 hk16sm20793490pjb.1 - gsmtp

	at com.sun.mail.smtp.SMTPTransport$Authenticator.authenticate(SMTPTransport.java:965)
	at com.sun.mail.smtp.SMTPTransport.authenticate(SMTPTransport.java:876)
	at com.sun.mail.smtp.SMTPTransport.protocolConnect(SMTPTransport.java:780)
	at javax.mail.Service.connect(Service.java:388)
	at javax.mail.Service.connect(Service.java:246)
	at javax.mail.Service.connect(Service.java:195)
	at javax.mail.Transport.send0(Transport.java:254)
	at javax.mail.Transport.send(Transport.java:124)
	at com.bridgelabz.bookswagon.utility.Email.sendEmail(Email.java:91)
	... 24 more
</pre></div></td>
<td>2</td>
<td>com.bridgelabz.bookswagon.BooksWagonTest@18ca3c62</td></tr>
</table><p>
<table width='100%' border='1' class='invocation-passed'>
<tr><td colspan='4' align='center'><b>PASSED TESTS</b></td></tr>
<tr><td><b>Test method</b></td>
<td width="30%"><b>Exception</b></td>
<td width="10%"><b>Time (seconds)</b></td>
<td><b>Instance</b></td>
</tr>
<tr>
<td title='com.bridgelabz.bookswagon.NewArrivalBooksTest.login_Into_Account()'><b>login_Into_Account</b><br>Test class: com.bridgelabz.bookswagon.NewArrivalBooksTest</td>
<td></td>
<td>7</td>
<td>com.bridgelabz.bookswagon.NewArrivalBooksTest@75201592</td></tr>
<tr>
<td title='com.bridgelabz.bookswagon.BooksNotInStalkTest.login_Into_Account()'><b>login_Into_Account</b><br>Test class: com.bridgelabz.bookswagon.BooksNotInStalkTest</td>
<td></td>
<td>9</td>
<td>com.bridgelabz.bookswagon.BooksNotInStalkTest@62e8f862</td></tr>
<tr>
<td title='com.bridgelabz.bookswagon.BuyBookWithInvalidQuantity.login_Into_Account()'><b>login_Into_Account</b><br>Test class: com.bridgelabz.bookswagon.BuyBookWithInvalidQuantity</td>
<td></td>
<td>7</td>
<td>com.bridgelabz.bookswagon.BuyBookWithInvalidQuantity@14c053c6</td></tr>
<tr>
<td title='com.bridgelabz.bookswagon.InvalidLogin.login_Into_Account()'><b>login_Into_Account</b><br>Test class: com.bridgelabz.bookswagon.InvalidLogin</td>
<td></td>
<td>8</td>
<td>com.bridgelabz.bookswagon.InvalidLogin@7e11ab3d</td></tr>
<tr>
<td title='com.bridgelabz.bookswagon.BooksWagonTest.login_Into_Account()'><b>login_Into_Account</b><br>Test class: com.bridgelabz.bookswagon.BooksWagonTest<br>Parameters: shende.samiksha@rediffmail.com, BookswagonSamiksha</td>
<td></td>
<td>7</td>
<td>com.bridgelabz.bookswagon.BooksWagonTest@18ca3c62</td></tr>
<tr>
<td title='com.bridgelabz.bookswagon.BooksNotInStalkTest.logout_From_Account()'><b>logout_From_Account</b><br>Test class: com.bridgelabz.bookswagon.BooksNotInStalkTest</td>
<td></td>
<td>1</td>
<td>com.bridgelabz.bookswagon.BooksNotInStalkTest@62e8f862</td></tr>
<tr>
<td title='com.bridgelabz.bookswagon.NewArrivalBooksTest.place_An_Order()'><b>place_An_Order</b><br>Test class: com.bridgelabz.bookswagon.NewArrivalBooksTest</td>
<td></td>
<td>39</td>
<td>com.bridgelabz.bookswagon.NewArrivalBooksTest@75201592</td></tr>
<tr>
<td title='com.bridgelabz.bookswagon.BooksNotInStalkTest.place_An_Order()'><b>place_An_Order</b><br>Test class: com.bridgelabz.bookswagon.BooksNotInStalkTest</td>
<td></td>
<td>9</td>
<td>com.bridgelabz.bookswagon.BooksNotInStalkTest@62e8f862</td></tr>
<tr>
<td title='com.bridgelabz.bookswagon.BuyBookWithInvalidQuantity.place_An_Order()'><b>place_An_Order</b><br>Test class: com.bridgelabz.bookswagon.BuyBookWithInvalidQuantity</td>
<td></td>
<td>16</td>
<td>com.bridgelabz.bookswagon.BuyBookWithInvalidQuantity@14c053c6</td></tr>
<tr>
<td title='com.bridgelabz.bookswagon.BooksWagonTest.place_An_Order()'><b>place_An_Order</b><br>Test class: com.bridgelabz.bookswagon.BooksWagonTest</td>
<td></td>
<td>40</td>
<td>com.bridgelabz.bookswagon.BooksWagonTest@18ca3c62</td></tr>
</table><p>
</body>
</html>