<?xml version="1.0" encoding="UTF-8"?>
<!-- Generated by org.testng.reporters.JUnitXMLReporter -->
<testsuite hostname="LAPTOP-VA1S61KV" ignored="0" name="C:/Users/kalam/IdeaProjects/BookswagonAutomationProgram/src/test/java/com/bridgelabz/bookswagon/BooksWagonTest.java" tests="2" failures="0" timestamp="2021-06-30T15:28:02 IST" time="73.898" errors="0">
  <testcase name="@AfterTest tearDown" time="2.904" classname="com.bridgelabz.bookswagon.base.Base">
    <failure type="java.lang.RuntimeException" message="javax.mail.AuthenticationFailedException: 534-5.7.14 &amp;lt;https://accounts.google.com/signin/continue?sarp=1&amp;amp;scc=1&amp;amp;plt=AKgnsbs
534-5.7.14 CuorDClIkaYtGgLEwVyHeCPBBFFvEgz29LGrhnIEo6zss5-dcT_7HWom7lESeE8uKiFCf
534-5.7.14 G78tDBNpo64pjjPPEZ9Ai4D9ajGozlb9WOxZCXHUpESF1uG8MPuu7WYgXYoKyA9S&amp;gt;
534-5.7.14 Please log in via your web browser and then try again.
534-5.7.14  Learn more at
534 5.7.14  https://support.google.com/mail/answer/78754 hk16sm20793490pjb.1 - gsmtp
">
      <![CDATA[java.lang.RuntimeException: javax.mail.AuthenticationFailedException: 534-5.7.14 <https://accounts.google.com/signin/continue?sarp=1&scc=1&plt=AKgnsbs
534-5.7.14 CuorDClIkaYtGgLEwVyHeCPBBFFvEgz29LGrhnIEo6zss5-dcT_7HWom7lESeE8uKiFCf
534-5.7.14 G78tDBNpo64pjjPPEZ9Ai4D9ajGozlb9WOxZCXHUpESF1uG8MPuu7WYgXYoKyA9S>
534-5.7.14 Please log in via your web browser and then try again.
534-5.7.14  Learn more at
534 5.7.14  https://support.google.com/mail/answer/78754 hk16sm20793490pjb.1 - gsmtp

at com.bridgelabz.bookswagon.utility.Email.sendEmail(Email.java:96)
at com.bridgelabz.bookswagon.base.Base.tearDown(Base.java:62)
at sun.reflect.NativeMethodAccessorImpl.invoke0(Native Method)
at sun.reflect.NativeMethodAccessorImpl.invoke(NativeMethodAccessorImpl.java:62)
at sun.reflect.DelegatingMethodAccessorImpl.invoke(DelegatingMethodAccessorImpl.java:43)
at java.lang.reflect.Method.invoke(Method.java:498)
at org.testng.internal.MethodInvocationHelper.invokeMethod(MethodInvocationHelper.java:134)
at org.testng.internal.MethodInvocationHelper.invokeMethodConsideringTimeout(MethodInvocationHelper.java:63)
at org.testng.internal.ConfigInvoker.invokeConfigurationMethod(ConfigInvoker.java:348)
at org.testng.internal.ConfigInvoker.invokeConfigurations(ConfigInvoker.java:302)
at org.testng.TestRunner.invokeTestConfigurations(TestRunner.java:619)
at org.testng.TestRunner.afterRun(TestRunner.java:849)
at org.testng.TestRunner.run(TestRunner.java:590)
at org.testng.SuiteRunner.runTest(SuiteRunner.java:384)
at org.testng.SuiteRunner.runSequentially(SuiteRunner.java:378)
at org.testng.SuiteRunner.privateRun(SuiteRunner.java:337)
at org.testng.SuiteRunner.run(SuiteRunner.java:286)
at org.testng.SuiteRunnerWorker.runSuite(SuiteRunnerWorker.java:53)
at org.testng.SuiteRunnerWorker.run(SuiteRunnerWorker.java:96)
at org.testng.TestNG.runSuitesSequentially(TestNG.java:1187)
at org.testng.TestNG.runSuitesLocally(TestNG.java:1109)
at org.testng.TestNG.runSuites(TestNG.java:1039)
at org.testng.TestNG.run(TestNG.java:1007)
at com.intellij.rt.testng.IDEARemoteTestNG.run(IDEARemoteTestNG.java:66)
at com.intellij.rt.testng.RemoteTestNGStarter.main(RemoteTestNGStarter.java:109)
Caused by: javax.mail.AuthenticationFailedException: 534-5.7.14 <https://accounts.google.com/signin/continue?sarp=1&scc=1&plt=AKgnsbs
534-5.7.14 CuorDClIkaYtGgLEwVyHeCPBBFFvEgz29LGrhnIEo6zss5-dcT_7HWom7lESeE8uKiFCf
534-5.7.14 G78tDBNpo64pjjPPEZ9Ai4D9ajGozlb9WOxZCXHUpESF1uG8MPuu7WYgXYoKyA9S>
534-5.7.14 Please log in via your web browser and then try again.
534-5.7.14  Learn more at
534 5.7.14  https://support.google.com/mail/answer/78754 hk16sm20793490pjb.1 - gsmtp

at com.sun.mail.smtp.SMTPTransport$Authenticator.authenticate(SMTPTransport.java:965)
at com.sun.mail.smtp.SMTPTransport.authenticate(SMTPTransport.java:876)
at com.sun.mail.smtp.SMTPTransport.protocolConnect(SMTPTransport.java:780)
at javax.mail.Service.connect(Service.java:388)
at javax.mail.Service.connect(Service.java:246)
at javax.mail.Service.connect(Service.java:195)
at javax.mail.Transport.send0(Transport.java:254)
at javax.mail.Transport.send(Transport.java:124)
at com.bridgelabz.bookswagon.utility.Email.sendEmail(Email.java:91)
... 24 more
]]>
    </failure>
  </testcase> <!-- @AfterTest tearDown -->
  <testcase name="login_Into_Account" time="7.7" classname="com.bridgelabz.bookswagon.BooksWagonTest"/>
  <testcase name="place_An_Order" time="40.952" classname="com.bridgelabz.bookswagon.BooksWagonTest"/>
</testsuite> <!-- C:/Users/kalam/IdeaProjects/BookswagonAutomationProgram/src/test/java/com/bridgelabz/bookswagon/BooksWagonTest.java -->
