<?xml version="1.0" encoding="UTF-8"?>
<testng-results skipped="0" failed="0" ignored="0" total="10" passed="10">
  <reporter-output>
  </reporter-output>
  <suite name="All Test Suite" duration-ms="288785" started-at="2021-06-30T15:23:13 IST" finished-at="2021-06-30T15:28:02 IST">
    <groups>
    </groups>
    <test name="C:/Users/kalam/IdeaProjects/BookswagonAutomationProgram/src/test/java/com/bridgelabz/bookswagon/NewArrivalBooksTest.java" duration-ms="78683" started-at="2021-06-30T15:23:13 IST" finished-at="2021-06-30T15:24:32 IST">
      <class name="com.bridgelabz.bookswagon.NewArrivalBooksTest">
        <test-method status="PASS" signature="setUp(java.lang.String)[pri:0, instance:com.bridgelabz.bookswagon.NewArrivalBooksTest@75201592]" name="setUp" is-config="true" duration-ms="23572" started-at="2021-06-30T15:23:13 IST" finished-at="2021-06-30T15:23:37 IST">
          <params>
            <param index="0">
              <value>
                <![CDATA[chrome]]>
              </value>
            </param>
          </params>
          <reporter-output>
          </reporter-output>
        </test-method> <!-- setUp -->
        <test-method status="PASS" signature="startTest()[pri:0, instance:com.bridgelabz.bookswagon.NewArrivalBooksTest@75201592]" name="startTest" is-config="true" duration-ms="0" started-at="2021-06-30T15:23:37 IST" finished-at="2021-06-30T15:23:37 IST">
          <reporter-output>
          </reporter-output>
        </test-method> <!-- startTest -->
        <test-method status="PASS" signature="login_Into_Account()[pri:1, instance:com.bridgelabz.bookswagon.NewArrivalBooksTest@75201592]" name="login_Into_Account" duration-ms="7413" started-at="2021-06-30T15:23:37 IST" finished-at="2021-06-30T15:23:44 IST">
          <reporter-output>
          </reporter-output>
        </test-method> <!-- login_Into_Account -->
        <test-method status="PASS" signature="place_An_Order()[pri:2, instance:com.bridgelabz.bookswagon.NewArrivalBooksTest@75201592]" name="place_An_Order" duration-ms="39197" started-at="2021-06-30T15:23:46 IST" finished-at="2021-06-30T15:24:25 IST">
          <reporter-output>
          </reporter-output>
        </test-method> <!-- place_An_Order -->
        <test-method status="PASS" signature="endTest()[pri:0, instance:com.bridgelabz.bookswagon.NewArrivalBooksTest@75201592]" name="endTest" is-config="true" duration-ms="1015" started-at="2021-06-30T15:24:27 IST" finished-at="2021-06-30T15:24:28 IST">
          <reporter-output>
          </reporter-output>
        </test-method> <!-- endTest -->
        <test-method status="FAIL" signature="tearDown()[pri:0, instance:com.bridgelabz.bookswagon.NewArrivalBooksTest@75201592]" name="tearDown" is-config="true" duration-ms="4132" started-at="2021-06-30T15:24:28 IST" finished-at="2021-06-30T15:24:32 IST">
          <exception class="java.lang.RuntimeException">
            <message>
              <![CDATA[javax.mail.AuthenticationFailedException: 534-5.7.14 <https://accounts.google.com/signin/continue?sarp=1&scc=1&plt=AKgnsbt
534-5.7.14 Ey_-64ByeIqw_bN0eNZxBefwjP7qoeefo57OlmK7e4SdDIFgdsKIugqpTP3yKdjpj84iQ
534-5.7.14 -fcFtStPnVfoDMRMzEF7xGFCRJU9zgLBeYAN0cVrgqW1ebanzTVMuxqedGIcUW4e>
534-5.7.14 Please log in via your web browser and then try again.
534-5.7.14  Learn more at
534 5.7.14  https://support.google.com/mail/answer/78754 y6sm21340559pgk.79 - gsmtp
]]>
            </message>
            <full-stacktrace>
              <![CDATA[java.lang.RuntimeException: javax.mail.AuthenticationFailedException: 534-5.7.14 <https://accounts.google.com/signin/continue?sarp=1&scc=1&plt=AKgnsbt
534-5.7.14 Ey_-64ByeIqw_bN0eNZxBefwjP7qoeefo57OlmK7e4SdDIFgdsKIugqpTP3yKdjpj84iQ
534-5.7.14 -fcFtStPnVfoDMRMzEF7xGFCRJU9zgLBeYAN0cVrgqW1ebanzTVMuxqedGIcUW4e>
534-5.7.14 Please log in via your web browser and then try again.
534-5.7.14  Learn more at
534 5.7.14  https://support.google.com/mail/answer/78754 y6sm21340559pgk.79 - gsmtp

at com.bridgelabz.bookswagon.utility.Email.sendEmail(Email.java:96)
at com.bridgelabz.bookswagon.base.Base.tearDown(Base.java:62)
at sun.reflect.NativeMethodAccessorImpl.invoke0(Native Method)
at sun.reflect.NativeMethodAccessorImpl.invoke(NativeMethodAccessorImpl.java:62)
at sun.reflect.DelegatingMethodAccessorImpl.invoke(DelegatingMethodAccessorImpl.java:43)
at java.lang.reflect.Method.invoke(Method.java:498)
at org.testng.internal.MethodInvocationHelper.invokeMethod(MethodInvocationHelper.java:134)
at org.testng.internal.MethodInvocationHelper.invokeMethodConsideringTimeout(MethodInvocationHelper.java:63)
at org.testng.internal.ConfigInvoker.invokeConfigurationMethod(ConfigInvoker.java:348)
at org.testng.internal.ConfigInvoker.invokeConfigurations(ConfigInvoker.java:302)
at org.testng.TestRunner.invokeTestConfigurations(TestRunner.java:619)
at org.testng.TestRunner.afterRun(TestRunner.java:849)
at org.testng.TestRunner.run(TestRunner.java:590)
at org.testng.SuiteRunner.runTest(SuiteRunner.java:384)
at org.testng.SuiteRunner.runSequentially(SuiteRunner.java:378)
at org.testng.SuiteRunner.privateRun(SuiteRunner.java:337)
at org.testng.SuiteRunner.run(SuiteRunner.java:286)
at org.testng.SuiteRunnerWorker.runSuite(SuiteRunnerWorker.java:53)
at org.testng.SuiteRunnerWorker.run(SuiteRunnerWorker.java:96)
at org.testng.TestNG.runSuitesSequentially(TestNG.java:1187)
at org.testng.TestNG.runSuitesLocally(TestNG.java:1109)
at org.testng.TestNG.runSuites(TestNG.java:1039)
at org.testng.TestNG.run(TestNG.java:1007)
at com.intellij.rt.testng.IDEARemoteTestNG.run(IDEARemoteTestNG.java:66)
at com.intellij.rt.testng.RemoteTestNGStarter.main(RemoteTestNGStarter.java:109)
Caused by: javax.mail.AuthenticationFailedException: 534-5.7.14 <https://accounts.google.com/signin/continue?sarp=1&scc=1&plt=AKgnsbt
534-5.7.14 Ey_-64ByeIqw_bN0eNZxBefwjP7qoeefo57OlmK7e4SdDIFgdsKIugqpTP3yKdjpj84iQ
534-5.7.14 -fcFtStPnVfoDMRMzEF7xGFCRJU9zgLBeYAN0cVrgqW1ebanzTVMuxqedGIcUW4e>
534-5.7.14 Please log in via your web browser and then try again.
534-5.7.14  Learn more at
534 5.7.14  https://support.google.com/mail/answer/78754 y6sm21340559pgk.79 - gsmtp

at com.sun.mail.smtp.SMTPTransport$Authenticator.authenticate(SMTPTransport.java:965)
at com.sun.mail.smtp.SMTPTransport.authenticate(SMTPTransport.java:876)
at com.sun.mail.smtp.SMTPTransport.protocolConnect(SMTPTransport.java:780)
at javax.mail.Service.connect(Service.java:388)
at javax.mail.Service.connect(Service.java:246)
at javax.mail.Service.connect(Service.java:195)
at javax.mail.Transport.send0(Transport.java:254)
at javax.mail.Transport.send(Transport.java:124)
at com.bridgelabz.bookswagon.utility.Email.sendEmail(Email.java:91)
... 24 more
]]>
            </full-stacktrace>
          </exception> <!-- java.lang.RuntimeException -->
          <reporter-output>
          </reporter-output>
        </test-method> <!-- tearDown -->
      </class> <!-- com.bridgelabz.bookswagon.NewArrivalBooksTest -->
    </test> <!-- C:/Users/kalam/IdeaProjects/BookswagonAutomationProgram/src/test/java/com/bridgelabz/bookswagon/NewArrivalBooksTest.java -->
    <test name="C:/Users/kalam/IdeaProjects/BookswagonAutomationProgram/src/test/java/com/bridgelabz/bookswagon/BooksNotInStalkTest.java" duration-ms="50631" started-at="2021-06-30T15:24:32 IST" finished-at="2021-06-30T15:25:23 IST">
      <class name="com.bridgelabz.bookswagon.BooksNotInStalkTest">
        <test-method status="PASS" signature="setUp(java.lang.String)[pri:0, instance:com.bridgelabz.bookswagon.BooksNotInStalkTest@62e8f862]" name="setUp" is-config="true" duration-ms="23333" started-at="2021-06-30T15:24:32 IST" finished-at="2021-06-30T15:24:55 IST">
          <params>
            <param index="0">
              <value>
                <![CDATA[chrome]]>
              </value>
            </param>
          </params>
          <reporter-output>
          </reporter-output>
        </test-method> <!-- setUp -->
        <test-method status="PASS" signature="startTest()[pri:0, instance:com.bridgelabz.bookswagon.BooksNotInStalkTest@62e8f862]" name="startTest" is-config="true" duration-ms="13" started-at="2021-06-30T15:24:55 IST" finished-at="2021-06-30T15:24:55 IST">
          <reporter-output>
          </reporter-output>
        </test-method> <!-- startTest -->
        <test-method status="PASS" signature="login_Into_Account()[pri:1, instance:com.bridgelabz.bookswagon.BooksNotInStalkTest@62e8f862]" name="login_Into_Account" duration-ms="9866" started-at="2021-06-30T15:24:55 IST" finished-at="2021-06-30T15:25:05 IST">
          <reporter-output>
          </reporter-output>
        </test-method> <!-- login_Into_Account -->
        <test-method status="PASS" signature="place_An_Order()[pri:2, instance:com.bridgelabz.bookswagon.BooksNotInStalkTest@62e8f862]" name="place_An_Order" duration-ms="9210" started-at="2021-06-30T15:25:06 IST" finished-at="2021-06-30T15:25:15 IST">
          <reporter-output>
          </reporter-output>
        </test-method> <!-- place_An_Order -->
        <test-method status="PASS" signature="logout_From_Account()[pri:3, instance:com.bridgelabz.bookswagon.BooksNotInStalkTest@62e8f862]" name="logout_From_Account" duration-ms="1978" started-at="2021-06-30T15:25:16 IST" finished-at="2021-06-30T15:25:18 IST">
          <reporter-output>
          </reporter-output>
        </test-method> <!-- logout_From_Account -->
        <test-method status="PASS" signature="endTest()[pri:0, instance:com.bridgelabz.bookswagon.BooksNotInStalkTest@62e8f862]" name="endTest" is-config="true" duration-ms="63" started-at="2021-06-30T15:25:19 IST" finished-at="2021-06-30T15:25:19 IST">
          <reporter-output>
          </reporter-output>
        </test-method> <!-- endTest -->
        <test-method status="FAIL" signature="tearDown()[pri:0, instance:com.bridgelabz.bookswagon.BooksNotInStalkTest@62e8f862]" name="tearDown" is-config="true" duration-ms="3686" started-at="2021-06-30T15:25:19 IST" finished-at="2021-06-30T15:25:23 IST">
          <exception class="java.lang.RuntimeException">
            <message>
              <![CDATA[javax.mail.AuthenticationFailedException: 534-5.7.14 <https://accounts.google.com/signin/continue?sarp=1&scc=1&plt=AKgnsbv
534-5.7.14 L5n5ZdhNfSg9NZwwpr-IZFrArY5sKCCnOvN29JVtXMw5VosEb1cgUbjL4dDiIuH_gXQeL
534-5.7.14 JnV8h-LlXIuIjBIpaiqSdnuUUZIF4z_osRL4Pmi8zJli2454upbwOKaBucO7yu2q>
534-5.7.14 Please log in via your web browser and then try again.
534-5.7.14  Learn more at
534 5.7.14  https://support.google.com/mail/answer/78754 95sm11735104pjo.35 - gsmtp
]]>
            </message>
            <full-stacktrace>
              <![CDATA[java.lang.RuntimeException: javax.mail.AuthenticationFailedException: 534-5.7.14 <https://accounts.google.com/signin/continue?sarp=1&scc=1&plt=AKgnsbv
534-5.7.14 L5n5ZdhNfSg9NZwwpr-IZFrArY5sKCCnOvN29JVtXMw5VosEb1cgUbjL4dDiIuH_gXQeL
534-5.7.14 JnV8h-LlXIuIjBIpaiqSdnuUUZIF4z_osRL4Pmi8zJli2454upbwOKaBucO7yu2q>
534-5.7.14 Please log in via your web browser and then try again.
534-5.7.14  Learn more at
534 5.7.14  https://support.google.com/mail/answer/78754 95sm11735104pjo.35 - gsmtp

at com.bridgelabz.bookswagon.utility.Email.sendEmail(Email.java:96)
at com.bridgelabz.bookswagon.base.Base.tearDown(Base.java:62)
at sun.reflect.NativeMethodAccessorImpl.invoke0(Native Method)
at sun.reflect.NativeMethodAccessorImpl.invoke(NativeMethodAccessorImpl.java:62)
at sun.reflect.DelegatingMethodAccessorImpl.invoke(DelegatingMethodAccessorImpl.java:43)
at java.lang.reflect.Method.invoke(Method.java:498)
at org.testng.internal.MethodInvocationHelper.invokeMethod(MethodInvocationHelper.java:134)
at org.testng.internal.MethodInvocationHelper.invokeMethodConsideringTimeout(MethodInvocationHelper.java:63)
at org.testng.internal.ConfigInvoker.invokeConfigurationMethod(ConfigInvoker.java:348)
at org.testng.internal.ConfigInvoker.invokeConfigurations(ConfigInvoker.java:302)
at org.testng.TestRunner.invokeTestConfigurations(TestRunner.java:619)
at org.testng.TestRunner.afterRun(TestRunner.java:849)
at org.testng.TestRunner.run(TestRunner.java:590)
at org.testng.SuiteRunner.runTest(SuiteRunner.java:384)
at org.testng.SuiteRunner.runSequentially(SuiteRunner.java:378)
at org.testng.SuiteRunner.privateRun(SuiteRunner.java:337)
at org.testng.SuiteRunner.run(SuiteRunner.java:286)
at org.testng.SuiteRunnerWorker.runSuite(SuiteRunnerWorker.java:53)
at org.testng.SuiteRunnerWorker.run(SuiteRunnerWorker.java:96)
at org.testng.TestNG.runSuitesSequentially(TestNG.java:1187)
at org.testng.TestNG.runSuitesLocally(TestNG.java:1109)
at org.testng.TestNG.runSuites(TestNG.java:1039)
at org.testng.TestNG.run(TestNG.java:1007)
at com.intellij.rt.testng.IDEARemoteTestNG.run(IDEARemoteTestNG.java:66)
at com.intellij.rt.testng.RemoteTestNGStarter.main(RemoteTestNGStarter.java:109)
Caused by: javax.mail.AuthenticationFailedException: 534-5.7.14 <https://accounts.google.com/signin/continue?sarp=1&scc=1&plt=AKgnsbv
534-5.7.14 L5n5ZdhNfSg9NZwwpr-IZFrArY5sKCCnOvN29JVtXMw5VosEb1cgUbjL4dDiIuH_gXQeL
534-5.7.14 JnV8h-LlXIuIjBIpaiqSdnuUUZIF4z_osRL4Pmi8zJli2454upbwOKaBucO7yu2q>
534-5.7.14 Please log in via your web browser and then try again.
534-5.7.14  Learn more at
534 5.7.14  https://support.google.com/mail/answer/78754 95sm11735104pjo.35 - gsmtp

at com.sun.mail.smtp.SMTPTransport$Authenticator.authenticate(SMTPTransport.java:965)
at com.sun.mail.smtp.SMTPTransport.authenticate(SMTPTransport.java:876)
at com.sun.mail.smtp.SMTPTransport.protocolConnect(SMTPTransport.java:780)
at javax.mail.Service.connect(Service.java:388)
at javax.mail.Service.connect(Service.java:246)
at javax.mail.Service.connect(Service.java:195)
at javax.mail.Transport.send0(Transport.java:254)
at javax.mail.Transport.send(Transport.java:124)
at com.bridgelabz.bookswagon.utility.Email.sendEmail(Email.java:91)
... 24 more
]]>
            </full-stacktrace>
          </exception> <!-- java.lang.RuntimeException -->
          <reporter-output>
          </reporter-output>
        </test-method> <!-- tearDown -->
      </class> <!-- com.bridgelabz.bookswagon.BooksNotInStalkTest -->
    </test> <!-- C:/Users/kalam/IdeaProjects/BookswagonAutomationProgram/src/test/java/com/bridgelabz/bookswagon/BooksNotInStalkTest.java -->
    <test name="C:/Users/kalam/IdeaProjects/BookswagonAutomationProgram/src/test/java/com/bridgelabz/bookswagon/BuyBookWithInvalidQuantity.java" duration-ms="50700" started-at="2021-06-30T15:25:23 IST" finished-at="2021-06-30T15:26:13 IST">
      <class name="com.bridgelabz.bookswagon.BuyBookWithInvalidQuantity">
        <test-method status="PASS" signature="setUp(java.lang.String)[pri:0, instance:com.bridgelabz.bookswagon.BuyBookWithInvalidQuantity@14c053c6]" name="setUp" is-config="true" duration-ms="19765" started-at="2021-06-30T15:25:23 IST" finished-at="2021-06-30T15:25:43 IST">
          <params>
            <param index="0">
              <value>
                <![CDATA[chrome]]>
              </value>
            </param>
          </params>
          <reporter-output>
          </reporter-output>
        </test-method> <!-- setUp -->
        <test-method status="PASS" signature="startTest()[pri:0, instance:com.bridgelabz.bookswagon.BuyBookWithInvalidQuantity@14c053c6]" name="startTest" is-config="true" duration-ms="17" started-at="2021-06-30T15:25:43 IST" finished-at="2021-06-30T15:25:43 IST">
          <reporter-output>
          </reporter-output>
        </test-method> <!-- startTest -->
        <test-method status="PASS" signature="login_Into_Account()[pri:1, instance:com.bridgelabz.bookswagon.BuyBookWithInvalidQuantity@14c053c6]" name="login_Into_Account" duration-ms="7866" started-at="2021-06-30T15:25:43 IST" finished-at="2021-06-30T15:25:50 IST">
          <reporter-output>
          </reporter-output>
        </test-method> <!-- login_Into_Account -->
        <test-method status="PASS" signature="place_An_Order()[pri:2, instance:com.bridgelabz.bookswagon.BuyBookWithInvalidQuantity@14c053c6]" name="place_An_Order" duration-ms="16675" started-at="2021-06-30T15:25:51 IST" finished-at="2021-06-30T15:26:08 IST">
          <reporter-output>
          </reporter-output>
        </test-method> <!-- place_An_Order -->
        <test-method status="PASS" signature="endTest()[pri:0, instance:com.bridgelabz.bookswagon.BuyBookWithInvalidQuantity@14c053c6]" name="endTest" is-config="true" duration-ms="32" started-at="2021-06-30T15:26:09 IST" finished-at="2021-06-30T15:26:09 IST">
          <reporter-output>
          </reporter-output>
        </test-method> <!-- endTest -->
        <test-method status="FAIL" signature="tearDown()[pri:0, instance:com.bridgelabz.bookswagon.BuyBookWithInvalidQuantity@14c053c6]" name="tearDown" is-config="true" duration-ms="4478" started-at="2021-06-30T15:26:09 IST" finished-at="2021-06-30T15:26:13 IST">
          <exception class="java.lang.RuntimeException">
            <message>
              <![CDATA[javax.mail.AuthenticationFailedException: 534-5.7.14 <https://accounts.google.com/signin/continue?sarp=1&scc=1&plt=AKgnsbt
534-5.7.14 SFaIi4o7Bft3m3sxjhtsbMVQ4eiprBeFnX6zL21aISaGMXktWIg85B1g-B9TPJPjcmbFD
534-5.7.14 eM1ydusesT8ckdvY_4CBNA1g_dLfqSCM2PPc3akckMBeJ-TRmpQXFsanwz61LXa_>
534-5.7.14 Please log in via your web browser and then try again.
534-5.7.14  Learn more at
534 5.7.14  https://support.google.com/mail/answer/78754 n59sm6134334pji.46 - gsmtp
]]>
            </message>
            <full-stacktrace>
              <![CDATA[java.lang.RuntimeException: javax.mail.AuthenticationFailedException: 534-5.7.14 <https://accounts.google.com/signin/continue?sarp=1&scc=1&plt=AKgnsbt
534-5.7.14 SFaIi4o7Bft3m3sxjhtsbMVQ4eiprBeFnX6zL21aISaGMXktWIg85B1g-B9TPJPjcmbFD
534-5.7.14 eM1ydusesT8ckdvY_4CBNA1g_dLfqSCM2PPc3akckMBeJ-TRmpQXFsanwz61LXa_>
534-5.7.14 Please log in via your web browser and then try again.
534-5.7.14  Learn more at
534 5.7.14  https://support.google.com/mail/answer/78754 n59sm6134334pji.46 - gsmtp

at com.bridgelabz.bookswagon.utility.Email.sendEmail(Email.java:96)
at com.bridgelabz.bookswagon.base.Base.tearDown(Base.java:62)
at sun.reflect.NativeMethodAccessorImpl.invoke0(Native Method)
at sun.reflect.NativeMethodAccessorImpl.invoke(NativeMethodAccessorImpl.java:62)
at sun.reflect.DelegatingMethodAccessorImpl.invoke(DelegatingMethodAccessorImpl.java:43)
at java.lang.reflect.Method.invoke(Method.java:498)
at org.testng.internal.MethodInvocationHelper.invokeMethod(MethodInvocationHelper.java:134)
at org.testng.internal.MethodInvocationHelper.invokeMethodConsideringTimeout(MethodInvocationHelper.java:63)
at org.testng.internal.ConfigInvoker.invokeConfigurationMethod(ConfigInvoker.java:348)
at org.testng.internal.ConfigInvoker.invokeConfigurations(ConfigInvoker.java:302)
at org.testng.TestRunner.invokeTestConfigurations(TestRunner.java:619)
at org.testng.TestRunner.afterRun(TestRunner.java:849)
at org.testng.TestRunner.run(TestRunner.java:590)
at org.testng.SuiteRunner.runTest(SuiteRunner.java:384)
at org.testng.SuiteRunner.runSequentially(SuiteRunner.java:378)
at org.testng.SuiteRunner.privateRun(SuiteRunner.java:337)
at org.testng.SuiteRunner.run(SuiteRunner.java:286)
at org.testng.SuiteRunnerWorker.runSuite(SuiteRunnerWorker.java:53)
at org.testng.SuiteRunnerWorker.run(SuiteRunnerWorker.java:96)
at org.testng.TestNG.runSuitesSequentially(TestNG.java:1187)
at org.testng.TestNG.runSuitesLocally(TestNG.java:1109)
at org.testng.TestNG.runSuites(TestNG.java:1039)
at org.testng.TestNG.run(TestNG.java:1007)
at com.intellij.rt.testng.IDEARemoteTestNG.run(IDEARemoteTestNG.java:66)
at com.intellij.rt.testng.RemoteTestNGStarter.main(RemoteTestNGStarter.java:109)
Caused by: javax.mail.AuthenticationFailedException: 534-5.7.14 <https://accounts.google.com/signin/continue?sarp=1&scc=1&plt=AKgnsbt
534-5.7.14 SFaIi4o7Bft3m3sxjhtsbMVQ4eiprBeFnX6zL21aISaGMXktWIg85B1g-B9TPJPjcmbFD
534-5.7.14 eM1ydusesT8ckdvY_4CBNA1g_dLfqSCM2PPc3akckMBeJ-TRmpQXFsanwz61LXa_>
534-5.7.14 Please log in via your web browser and then try again.
534-5.7.14  Learn more at
534 5.7.14  https://support.google.com/mail/answer/78754 n59sm6134334pji.46 - gsmtp

at com.sun.mail.smtp.SMTPTransport$Authenticator.authenticate(SMTPTransport.java:965)
at com.sun.mail.smtp.SMTPTransport.authenticate(SMTPTransport.java:876)
at com.sun.mail.smtp.SMTPTransport.protocolConnect(SMTPTransport.java:780)
at javax.mail.Service.connect(Service.java:388)
at javax.mail.Service.connect(Service.java:246)
at javax.mail.Service.connect(Service.java:195)
at javax.mail.Transport.send0(Transport.java:254)
at javax.mail.Transport.send(Transport.java:124)
at com.bridgelabz.bookswagon.utility.Email.sendEmail(Email.java:91)
... 24 more
]]>
            </full-stacktrace>
          </exception> <!-- java.lang.RuntimeException -->
          <reporter-output>
          </reporter-output>
        </test-method> <!-- tearDown -->
      </class> <!-- com.bridgelabz.bookswagon.BuyBookWithInvalidQuantity -->
    </test> <!-- C:/Users/kalam/IdeaProjects/BookswagonAutomationProgram/src/test/java/com/bridgelabz/bookswagon/BuyBookWithInvalidQuantity.java -->
    <test name="C:/Users/kalam/IdeaProjects/BookswagonAutomationProgram/src/test/java/com/bridgelabz/bookswagon/InvalidLogin.java" duration-ms="34551" started-at="2021-06-30T15:26:14 IST" finished-at="2021-06-30T15:26:48 IST">
      <class name="com.bridgelabz.bookswagon.InvalidLogin">
        <test-method status="PASS" signature="setUp(java.lang.String)[pri:0, instance:com.bridgelabz.bookswagon.InvalidLogin@7e11ab3d]" name="setUp" is-config="true" duration-ms="22129" started-at="2021-06-30T15:26:14 IST" finished-at="2021-06-30T15:26:36 IST">
          <params>
            <param index="0">
              <value>
                <![CDATA[chrome]]>
              </value>
            </param>
          </params>
          <reporter-output>
          </reporter-output>
        </test-method> <!-- setUp -->
        <test-method status="PASS" signature="login_Into_Account()[pri:0, instance:com.bridgelabz.bookswagon.InvalidLogin@7e11ab3d]" name="login_Into_Account" duration-ms="8184" started-at="2021-06-30T15:26:36 IST" finished-at="2021-06-30T15:26:44 IST">
          <reporter-output>
          </reporter-output>
        </test-method> <!-- login_Into_Account -->
        <test-method status="PASS" signature="startTest()[pri:0, instance:com.bridgelabz.bookswagon.InvalidLogin@7e11ab3d]" name="startTest" is-config="true" duration-ms="0" started-at="2021-06-30T15:26:36 IST" finished-at="2021-06-30T15:26:36 IST">
          <reporter-output>
          </reporter-output>
        </test-method> <!-- startTest -->
        <test-method status="PASS" signature="endTest()[pri:0, instance:com.bridgelabz.bookswagon.InvalidLogin@7e11ab3d]" name="endTest" is-config="true" duration-ms="32" started-at="2021-06-30T15:26:45 IST" finished-at="2021-06-30T15:26:45 IST">
          <reporter-output>
          </reporter-output>
        </test-method> <!-- endTest -->
        <test-method status="FAIL" signature="tearDown()[pri:0, instance:com.bridgelabz.bookswagon.InvalidLogin@7e11ab3d]" name="tearDown" is-config="true" duration-ms="3406" started-at="2021-06-30T15:26:45 IST" finished-at="2021-06-30T15:26:48 IST">
          <exception class="java.lang.RuntimeException">
            <message>
              <![CDATA[javax.mail.AuthenticationFailedException: 534-5.7.14 <https://accounts.google.com/signin/continue?sarp=1&scc=1&plt=AKgnsbt
534-5.7.14 hsQXzTlWNW8J3_qxBB0Sihv61elivQIR1AzqO_Zvm76VO3uhQTYmc7CM-lAsvj99mTMwQ
534-5.7.14 Lc1vIHMi1aspTWEWH8w0T5UNKE00mw0fZw2J04eiQ0moN3Z7urGSCTvzyeqUAev7>
534-5.7.14 Please log in via your web browser and then try again.
534-5.7.14  Learn more at
534 5.7.14  https://support.google.com/mail/answer/78754 a9sm19852107pfv.185 - gsmtp
]]>
            </message>
            <full-stacktrace>
              <![CDATA[java.lang.RuntimeException: javax.mail.AuthenticationFailedException: 534-5.7.14 <https://accounts.google.com/signin/continue?sarp=1&scc=1&plt=AKgnsbt
534-5.7.14 hsQXzTlWNW8J3_qxBB0Sihv61elivQIR1AzqO_Zvm76VO3uhQTYmc7CM-lAsvj99mTMwQ
534-5.7.14 Lc1vIHMi1aspTWEWH8w0T5UNKE00mw0fZw2J04eiQ0moN3Z7urGSCTvzyeqUAev7>
534-5.7.14 Please log in via your web browser and then try again.
534-5.7.14  Learn more at
534 5.7.14  https://support.google.com/mail/answer/78754 a9sm19852107pfv.185 - gsmtp

at com.bridgelabz.bookswagon.utility.Email.sendEmail(Email.java:96)
at com.bridgelabz.bookswagon.base.Base.tearDown(Base.java:62)
at sun.reflect.NativeMethodAccessorImpl.invoke0(Native Method)
at sun.reflect.NativeMethodAccessorImpl.invoke(NativeMethodAccessorImpl.java:62)
at sun.reflect.DelegatingMethodAccessorImpl.invoke(DelegatingMethodAccessorImpl.java:43)
at java.lang.reflect.Method.invoke(Method.java:498)
at org.testng.internal.MethodInvocationHelper.invokeMethod(MethodInvocationHelper.java:134)
at org.testng.internal.MethodInvocationHelper.invokeMethodConsideringTimeout(MethodInvocationHelper.java:63)
at org.testng.internal.ConfigInvoker.invokeConfigurationMethod(ConfigInvoker.java:348)
at org.testng.internal.ConfigInvoker.invokeConfigurations(ConfigInvoker.java:302)
at org.testng.TestRunner.invokeTestConfigurations(TestRunner.java:619)
at org.testng.TestRunner.afterRun(TestRunner.java:849)
at org.testng.TestRunner.run(TestRunner.java:590)
at org.testng.SuiteRunner.runTest(SuiteRunner.java:384)
at org.testng.SuiteRunner.runSequentially(SuiteRunner.java:378)
at org.testng.SuiteRunner.privateRun(SuiteRunner.java:337)
at org.testng.SuiteRunner.run(SuiteRunner.java:286)
at org.testng.SuiteRunnerWorker.runSuite(SuiteRunnerWorker.java:53)
at org.testng.SuiteRunnerWorker.run(SuiteRunnerWorker.java:96)
at org.testng.TestNG.runSuitesSequentially(TestNG.java:1187)
at org.testng.TestNG.runSuitesLocally(TestNG.java:1109)
at org.testng.TestNG.runSuites(TestNG.java:1039)
at org.testng.TestNG.run(TestNG.java:1007)
at com.intellij.rt.testng.IDEARemoteTestNG.run(IDEARemoteTestNG.java:66)
at com.intellij.rt.testng.RemoteTestNGStarter.main(RemoteTestNGStarter.java:109)
Caused by: javax.mail.AuthenticationFailedException: 534-5.7.14 <https://accounts.google.com/signin/continue?sarp=1&scc=1&plt=AKgnsbt
534-5.7.14 hsQXzTlWNW8J3_qxBB0Sihv61elivQIR1AzqO_Zvm76VO3uhQTYmc7CM-lAsvj99mTMwQ
534-5.7.14 Lc1vIHMi1aspTWEWH8w0T5UNKE00mw0fZw2J04eiQ0moN3Z7urGSCTvzyeqUAev7>
534-5.7.14 Please log in via your web browser and then try again.
534-5.7.14  Learn more at
534 5.7.14  https://support.google.com/mail/answer/78754 a9sm19852107pfv.185 - gsmtp

at com.sun.mail.smtp.SMTPTransport$Authenticator.authenticate(SMTPTransport.java:965)
at com.sun.mail.smtp.SMTPTransport.authenticate(SMTPTransport.java:876)
at com.sun.mail.smtp.SMTPTransport.protocolConnect(SMTPTransport.java:780)
at javax.mail.Service.connect(Service.java:388)
at javax.mail.Service.connect(Service.java:246)
at javax.mail.Service.connect(Service.java:195)
at javax.mail.Transport.send0(Transport.java:254)
at javax.mail.Transport.send(Transport.java:124)
at com.bridgelabz.bookswagon.utility.Email.sendEmail(Email.java:91)
... 24 more
]]>
            </full-stacktrace>
          </exception> <!-- java.lang.RuntimeException -->
          <reporter-output>
          </reporter-output>
        </test-method> <!-- tearDown -->
      </class> <!-- com.bridgelabz.bookswagon.InvalidLogin -->
    </test> <!-- C:/Users/kalam/IdeaProjects/BookswagonAutomationProgram/src/test/java/com/bridgelabz/bookswagon/InvalidLogin.java -->
    <test name="C:/Users/kalam/IdeaProjects/BookswagonAutomationProgram/src/test/java/com/bridgelabz/bookswagon/BooksWagonTest.java" duration-ms="73898" started-at="2021-06-30T15:26:48 IST" finished-at="2021-06-30T15:28:02 IST">
      <class name="com.bridgelabz.bookswagon.BooksWagonTest">
        <test-method status="PASS" signature="setUp(java.lang.String)[pri:0, instance:com.bridgelabz.bookswagon.BooksWagonTest@18ca3c62]" name="setUp" is-config="true" duration-ms="18728" started-at="2021-06-30T15:26:48 IST" finished-at="2021-06-30T15:27:07 IST">
          <params>
            <param index="0">
              <value>
                <![CDATA[chrome]]>
              </value>
            </param>
          </params>
          <reporter-output>
          </reporter-output>
        </test-method> <!-- setUp -->
        <test-method status="PASS" signature="startTest()[pri:0, instance:com.bridgelabz.bookswagon.BooksWagonTest@18ca3c62]" name="startTest" is-config="true" duration-ms="13" started-at="2021-06-30T15:27:07 IST" finished-at="2021-06-30T15:27:07 IST">
          <reporter-output>
          </reporter-output>
        </test-method> <!-- startTest -->
        <test-method status="PASS" signature="login_Into_Account(java.lang.String, java.lang.String)[pri:0, instance:com.bridgelabz.bookswagon.BooksWagonTest@18ca3c62]" name="login_Into_Account" duration-ms="7700" started-at="2021-06-30T15:27:08 IST" data-provider="testdata" finished-at="2021-06-30T15:27:16 IST">
          <params>
            <param index="0">
              <value>
                <![CDATA[shende.samiksha@rediffmail.com]]>
              </value>
            </param>
            <param index="1">
              <value>
                <![CDATA[BookswagonSamiksha]]>
              </value>
            </param>
          </params>
          <reporter-output>
          </reporter-output>
        </test-method> <!-- login_Into_Account -->
        <test-method status="PASS" signature="place_An_Order()[pri:0, instance:com.bridgelabz.bookswagon.BooksWagonTest@18ca3c62]" name="place_An_Order" duration-ms="40952" started-at="2021-06-30T15:27:17 IST" finished-at="2021-06-30T15:27:58 IST">
          <reporter-output>
          </reporter-output>
        </test-method> <!-- place_An_Order -->
        <test-method status="PASS" signature="endTest()[pri:0, instance:com.bridgelabz.bookswagon.BooksWagonTest@18ca3c62]" name="endTest" is-config="true" duration-ms="47" started-at="2021-06-30T15:27:59 IST" finished-at="2021-06-30T15:27:59 IST">
          <reporter-output>
          </reporter-output>
        </test-method> <!-- endTest -->
        <test-method status="FAIL" signature="tearDown()[pri:0, instance:com.bridgelabz.bookswagon.BooksWagonTest@18ca3c62]" name="tearDown" is-config="true" duration-ms="2904" started-at="2021-06-30T15:27:59 IST" finished-at="2021-06-30T15:28:02 IST">
          <exception class="java.lang.RuntimeException">
            <message>
              <![CDATA[javax.mail.AuthenticationFailedException: 534-5.7.14 <https://accounts.google.com/signin/continue?sarp=1&scc=1&plt=AKgnsbs
534-5.7.14 CuorDClIkaYtGgLEwVyHeCPBBFFvEgz29LGrhnIEo6zss5-dcT_7HWom7lESeE8uKiFCf
534-5.7.14 G78tDBNpo64pjjPPEZ9Ai4D9ajGozlb9WOxZCXHUpESF1uG8MPuu7WYgXYoKyA9S>
534-5.7.14 Please log in via your web browser and then try again.
534-5.7.14  Learn more at
534 5.7.14  https://support.google.com/mail/answer/78754 hk16sm20793490pjb.1 - gsmtp
]]>
            </message>
            <full-stacktrace>
              <![CDATA[java.lang.RuntimeException: javax.mail.AuthenticationFailedException: 534-5.7.14 <https://accounts.google.com/signin/continue?sarp=1&scc=1&plt=AKgnsbs
534-5.7.14 CuorDClIkaYtGgLEwVyHeCPBBFFvEgz29LGrhnIEo6zss5-dcT_7HWom7lESeE8uKiFCf
534-5.7.14 G78tDBNpo64pjjPPEZ9Ai4D9ajGozlb9WOxZCXHUpESF1uG8MPuu7WYgXYoKyA9S>
534-5.7.14 Please log in via your web browser and then try again.
534-5.7.14  Learn more at
534 5.7.14  https://support.google.com/mail/answer/78754 hk16sm20793490pjb.1 - gsmtp

at com.bridgelabz.bookswagon.utility.Email.sendEmail(Email.java:96)
at com.bridgelabz.bookswagon.base.Base.tearDown(Base.java:62)
at sun.reflect.NativeMethodAccessorImpl.invoke0(Native Method)
at sun.reflect.NativeMethodAccessorImpl.invoke(NativeMethodAccessorImpl.java:62)
at sun.reflect.DelegatingMethodAccessorImpl.invoke(DelegatingMethodAccessorImpl.java:43)
at java.lang.reflect.Method.invoke(Method.java:498)
at org.testng.internal.MethodInvocationHelper.invokeMethod(MethodInvocationHelper.java:134)
at org.testng.internal.MethodInvocationHelper.invokeMethodConsideringTimeout(MethodInvocationHelper.java:63)
at org.testng.internal.ConfigInvoker.invokeConfigurationMethod(ConfigInvoker.java:348)
at org.testng.internal.ConfigInvoker.invokeConfigurations(ConfigInvoker.java:302)
at org.testng.TestRunner.invokeTestConfigurations(TestRunner.java:619)
at org.testng.TestRunner.afterRun(TestRunner.java:849)
at org.testng.TestRunner.run(TestRunner.java:590)
at org.testng.SuiteRunner.runTest(SuiteRunner.java:384)
at org.testng.SuiteRunner.runSequentially(SuiteRunner.java:378)
at org.testng.SuiteRunner.privateRun(SuiteRunner.java:337)
at org.testng.SuiteRunner.run(SuiteRunner.java:286)
at org.testng.SuiteRunnerWorker.runSuite(SuiteRunnerWorker.java:53)
at org.testng.SuiteRunnerWorker.run(SuiteRunnerWorker.java:96)
at org.testng.TestNG.runSuitesSequentially(TestNG.java:1187)
at org.testng.TestNG.runSuitesLocally(TestNG.java:1109)
at org.testng.TestNG.runSuites(TestNG.java:1039)
at org.testng.TestNG.run(TestNG.java:1007)
at com.intellij.rt.testng.IDEARemoteTestNG.run(IDEARemoteTestNG.java:66)
at com.intellij.rt.testng.RemoteTestNGStarter.main(RemoteTestNGStarter.java:109)
Caused by: javax.mail.AuthenticationFailedException: 534-5.7.14 <https://accounts.google.com/signin/continue?sarp=1&scc=1&plt=AKgnsbs
534-5.7.14 CuorDClIkaYtGgLEwVyHeCPBBFFvEgz29LGrhnIEo6zss5-dcT_7HWom7lESeE8uKiFCf
534-5.7.14 G78tDBNpo64pjjPPEZ9Ai4D9ajGozlb9WOxZCXHUpESF1uG8MPuu7WYgXYoKyA9S>
534-5.7.14 Please log in via your web browser and then try again.
534-5.7.14  Learn more at
534 5.7.14  https://support.google.com/mail/answer/78754 hk16sm20793490pjb.1 - gsmtp

at com.sun.mail.smtp.SMTPTransport$Authenticator.authenticate(SMTPTransport.java:965)
at com.sun.mail.smtp.SMTPTransport.authenticate(SMTPTransport.java:876)
at com.sun.mail.smtp.SMTPTransport.protocolConnect(SMTPTransport.java:780)
at javax.mail.Service.connect(Service.java:388)
at javax.mail.Service.connect(Service.java:246)
at javax.mail.Service.connect(Service.java:195)
at javax.mail.Transport.send0(Transport.java:254)
at javax.mail.Transport.send(Transport.java:124)
at com.bridgelabz.bookswagon.utility.Email.sendEmail(Email.java:91)
... 24 more
]]>
            </full-stacktrace>
          </exception> <!-- java.lang.RuntimeException -->
          <reporter-output>
          </reporter-output>
        </test-method> <!-- tearDown -->
      </class> <!-- com.bridgelabz.bookswagon.BooksWagonTest -->
    </test> <!-- C:/Users/kalam/IdeaProjects/BookswagonAutomationProgram/src/test/java/com/bridgelabz/bookswagon/BooksWagonTest.java -->
  </suite> <!-- All Test Suite -->
</testng-results>
