<?xml version="1.0" encoding="UTF-8"?>
<!-- Generated by org.testng.reporters.JUnitReportReporter -->
<testsuite skipped="0" hostname="LAPTOP-VA1S61KV" name="com.bridgelabz.bookswagon.InvalidLogin" tests="2" failures="0" timestamp="2021-06-30T15:28:02 IST" time="11.590" errors="1">
  <testcase name="login_Into_Account" time="8.184" classname="com.bridgelabz.bookswagon.InvalidLogin"/>
  <system-out/>
  <testcase name="tearDown" time="3.406" classname="com.bridgelabz.bookswagon.InvalidLogin">
    <error type="java.lang.RuntimeException" message="javax.mail.AuthenticationFailedException: 534-5.7.14 &lt;https://accounts.google.com/signin/continue?sarp=1&amp;scc=1&amp;plt=AKgnsbt
534-5.7.14 hsQXzTlWNW8J3_qxBB0Sihv61elivQIR1AzqO_Zvm76VO3uhQTYmc7CM-lAsvj99mTMwQ
534-5.7.14 Lc1vIHMi1aspTWEWH8w0T5UNKE00mw0fZw2J04eiQ0moN3Z7urGSCTvzyeqUAev7&gt;
534-5.7.14 Please log in via your web browser and then try again.
534-5.7.14  Learn more at
534 5.7.14  https://support.google.com/mail/answer/78754 a9sm19852107pfv.185 - gsmtp
">
      <![CDATA[java.lang.RuntimeException: javax.mail.AuthenticationFailedException: 534-5.7.14 <https://accounts.google.com/signin/continue?sarp=1&scc=1&plt=AKgnsbt
534-5.7.14 hsQXzTlWNW8J3_qxBB0Sihv61elivQIR1AzqO_Zvm76VO3uhQTYmc7CM-lAsvj99mTMwQ
534-5.7.14 Lc1vIHMi1aspTWEWH8w0T5UNKE00mw0fZw2J04eiQ0moN3Z7urGSCTvzyeqUAev7>
534-5.7.14 Please log in via your web browser and then try again.
534-5.7.14  Learn more at
534 5.7.14  https://support.google.com/mail/answer/78754 a9sm19852107pfv.185 - gsmtp

at com.bridgelabz.bookswagon.utility.Email.sendEmail(Email.java:96)
at com.bridgelabz.bookswagon.base.Base.tearDown(Base.java:62)
at sun.reflect.NativeMethodAccessorImpl.invoke0(Native Method)
at sun.reflect.NativeMethodAccessorImpl.invoke(NativeMethodAccessorImpl.java:62)
at sun.reflect.DelegatingMethodAccessorImpl.invoke(DelegatingMethodAccessorImpl.java:43)
at java.lang.reflect.Method.invoke(Method.java:498)
at org.testng.internal.MethodInvocationHelper.invokeMethod(MethodInvocationHelper.java:134)
at org.testng.internal.MethodInvocationHelper.invokeMethodConsideringTimeout(MethodInvocationHelper.java:63)
at org.testng.internal.ConfigInvoker.invokeConfigurationMethod(ConfigInvoker.java:348)
at org.testng.internal.ConfigInvoker.invokeConfigurations(ConfigInvoker.java:302)
at org.testng.TestRunner.invokeTestConfigurations(TestRunner.java:619)
at org.testng.TestRunner.afterRun(TestRunner.java:849)
at org.testng.TestRunner.run(TestRunner.java:590)
at org.testng.SuiteRunner.runTest(SuiteRunner.java:384)
at org.testng.SuiteRunner.runSequentially(SuiteRunner.java:378)
at org.testng.SuiteRunner.privateRun(SuiteRunner.java:337)
at org.testng.SuiteRunner.run(SuiteRunner.java:286)
at org.testng.SuiteRunnerWorker.runSuite(SuiteRunnerWorker.java:53)
at org.testng.SuiteRunnerWorker.run(SuiteRunnerWorker.java:96)
at org.testng.TestNG.runSuitesSequentially(TestNG.java:1187)
at org.testng.TestNG.runSuitesLocally(TestNG.java:1109)
at org.testng.TestNG.runSuites(TestNG.java:1039)
at org.testng.TestNG.run(TestNG.java:1007)
at com.intellij.rt.testng.IDEARemoteTestNG.run(IDEARemoteTestNG.java:66)
at com.intellij.rt.testng.RemoteTestNGStarter.main(RemoteTestNGStarter.java:109)
Caused by: javax.mail.AuthenticationFailedException: 534-5.7.14 <https://accounts.google.com/signin/continue?sarp=1&scc=1&plt=AKgnsbt
534-5.7.14 hsQXzTlWNW8J3_qxBB0Sihv61elivQIR1AzqO_Zvm76VO3uhQTYmc7CM-lAsvj99mTMwQ
534-5.7.14 Lc1vIHMi1aspTWEWH8w0T5UNKE00mw0fZw2J04eiQ0moN3Z7urGSCTvzyeqUAev7>
534-5.7.14 Please log in via your web browser and then try again.
534-5.7.14  Learn more at
534 5.7.14  https://support.google.com/mail/answer/78754 a9sm19852107pfv.185 - gsmtp

at com.sun.mail.smtp.SMTPTransport$Authenticator.authenticate(SMTPTransport.java:965)
at com.sun.mail.smtp.SMTPTransport.authenticate(SMTPTransport.java:876)
at com.sun.mail.smtp.SMTPTransport.protocolConnect(SMTPTransport.java:780)
at javax.mail.Service.connect(Service.java:388)
at javax.mail.Service.connect(Service.java:246)
at javax.mail.Service.connect(Service.java:195)
at javax.mail.Transport.send0(Transport.java:254)
at javax.mail.Transport.send(Transport.java:124)
at com.bridgelabz.bookswagon.utility.Email.sendEmail(Email.java:91)
... 24 more
]]>
    </error>
  </testcase> <!-- tearDown -->
  <system-out/>
</testsuite> <!-- com.bridgelabz.bookswagon.InvalidLogin -->
